2024-11-29 09:33:53,367 - INFO - Список профилей загружен в выпадающий список
2024-11-29 09:33:55,568 - INFO - Открыто окно с горячими клавишами
2024-11-29 09:33:56,796 - INFO - Окно с горячими клавишами закрыто
2024-11-29 09:33:58,887 - INFO - Проверка наличия папки: profiles
2024-11-29 09:33:58,887 - INFO - Найденные файлы профилей: ['profile 1.json', 'profile 2.json', 'profile 3.json']
2024-11-29 09:33:58,888 - INFO - Список профилей загружен
2024-11-29 09:33:58,891 - INFO - Список COM-портов обновлён
2024-11-29 09:33:58,902 - INFO - Открыто окно настроек
2024-11-29 09:34:01,283 - INFO - Попытка открыть профиль: Grinder
2024-11-29 09:34:01,283 - INFO - Проверка файла: profiles\profile 1.json
2024-11-29 09:34:01,290 - INFO - Список команд загружен
2024-11-29 09:34:01,306 - INFO - Открыто окно редактирования профиля: Grinder
2024-11-29 09:34:03,078 - INFO - Открыто окно редактирования команды: sethome
2024-11-29 09:34:07,578 - INFO - Список команд загружен
2024-11-29 09:34:07,578 - INFO - Команда сохранена. Окно редактирования команды закрыто
2024-11-29 09:34:08,412 - INFO - Открыто окно редактирования команды: set_zero_point
2024-11-29 09:34:09,377 - INFO - Список команд загружен
2024-11-29 09:34:09,377 - INFO - Команда сохранена. Окно редактирования команды закрыто
2024-11-29 09:34:10,481 - INFO - Открыто окно редактирования команды: fastmove
2024-11-29 09:34:13,033 - INFO - Список команд загружен
2024-11-29 09:34:13,033 - INFO - Команда сохранена. Окно редактирования команды закрыто
2024-11-29 09:34:14,012 - INFO - Открыто окно редактирования команды: fastmove
2024-11-29 09:34:14,928 - INFO - Список команд загружен
2024-11-29 09:34:14,928 - INFO - Команда сохранена. Окно редактирования команды закрыто
2024-11-29 09:34:15,936 - INFO - Имя профиля обновлено на: Grinder
2024-11-29 09:34:15,949 - INFO - Профиль сохранён и окно редактирования профилей закрыто
2024-11-29 09:34:18,131 - INFO - Окно настроек закрыто
